# JRE version: 7.0_25-b17
# Java VM: Java HotSpot(TM) Client VM (23.25-b01 mixed mode windows-x86 )
Heap
 def new generation   total 314560K, used 314560K [0x03c40000, 0x19190000, 0x19190000)
  eden space 279616K, 100% used [0x03c40000, 0x14d50000, 0x14d50000)
  from space 34944K, 100% used [0x14d50000, 0x16f70000, 0x16f70000)
  to   space 34944K,   0% used [0x16f70000, 0x16f70000, 0x19190000)
 tenured generation   total 699072K, used 699071K [0x19190000, 0x43c40000, 0x43c40000)
   the space 699072K,  99% used [0x19190000, 0x43c3fff0, 0x43c40000, 0x43c40000)
 compacting perm gen  total 12288K, used 5281K [0x43c40000, 0x44840000, 0x47c40000)
   the space 12288K,  42% used [0x43c40000, 0x44168510, 0x44168600, 0x44840000)
GC Heap History (10 events):
Event: 39.748 GC heap after
Heap after GC invocations=67 (full 8):
 def new generation   total 314560K, used 23859K [0x03c40000, 0x19190000, 0x19190000)
  eden space 279616K,   0% used [0x03c40000, 0x03c40000, 0x14d50000)
  from space 34944K,  68% used [0x14d50000, 0x1649ce80, 0x16f70000)
  to   space 34944K,   0% used [0x16f70000, 0x16f70000, 0x19190000)
 tenured generation   total 699072K, used 664590K [0x19190000, 0x43c40000, 0x43c40000)
   the space 699072K,  95% used [0x19190000, 0x41a939f0, 0x41a93a00, 0x43c40000)
 compacting perm gen  total 12288K, used 5281K [0x43c40000, 0x44840000, 0x47c40000)
   the space 12288K,  42% used [0x43c40000, 0x44168620, 0x44168800, 0x44840000)
No shared spaces configured.
}
Event: 40.149 GC heap before
{Heap before GC invocations=67 (full 8):
 def new generation   total 314560K, used 303475K [0x03c40000, 0x19190000, 0x19190000)
  eden space 279616K, 100% used [0x03c40000, 0x14d50000, 0x14d50000)
  from space 34944K,  68% used [0x14d50000, 0x1649ce80, 0x16f70000)
  to   space 34944K,   0% used [0x16f70000, 0x16f70000, 0x19190000)
 tenured generation   total 699072K, used 664590K [0x19190000, 0x43c40000, 0x43c40000)
   the space 699072K,  95% used [0x19190000, 0x41a939f0, 0x41a93a00, 0x43c40000)
 compacting perm gen  total 12288K, used 5281K [0x43c40000, 0x44840000, 0x47c40000)
   the space 12288K,  42% used [0x43c40000, 0x44168620, 0x44168800, 0x44840000)
No shared spaces configured.
Event: 42.261 GC heap after
Heap after GC invocations=68 (full 9):
 def new generation   total 314560K, used 13187K [0x03c40000, 0x19190000, 0x19190000)
  eden space 279616K,   4% used [0x03c40000, 0x04920f20, 0x14d50000)
  from space 34944K,   0% used [0x14d50000, 0x14d50000, 0x16f70000)
  to   space 34944K,   0% used [0x16f70000, 0x16f70000, 0x19190000)
 tenured generation   total 699072K, used 699072K [0x19190000, 0x43c40000, 0x43c40000)
   the space 699072K, 100% used [0x19190000, 0x43c40000, 0x43c40000, 0x43c40000)
 compacting perm gen  total 12288K, used 5281K [0x43c40000, 0x44840000, 0x47c40000)
   the space 12288K,  42% used [0x43c40000, 0x44168620, 0x44168800, 0x44840000)
No shared spaces configured.
}
Event: 43.105 GC heap before
{Heap before GC invocations=68 (full 9):
 def new generation   total 314560K, used 314559K [0x03c40000, 0x19190000, 0x19190000)
  eden space 279616K, 100% used [0x03c40000, 0x14d50000, 0x14d50000)
  from space 34944K,  99% used [0x14d50000, 0x16f6ffd0, 0x16f70000)
  to   space 34944K,   0% used [0x16f70000, 0x16f70000, 0x19190000)
 tenured generation   total 699072K, used 699072K [0x19190000, 0x43c40000, 0x43c40000)
   the space 699072K, 100% used [0x19190000, 0x43c40000, 0x43c40000, 0x43c40000)
 compacting perm gen  total 12288K, used 5281K [0x43c40000, 0x44840000, 0x47c40000)
   the space 12288K,  42% used [0x43c40000, 0x44168620, 0x44168800, 0x44840000)
No shared spaces configured.
Event: 45.216 GC heap after
Heap after GC invocations=69 (full 10):
 def new generation   total 314560K, used 38891K [0x03c40000, 0x19190000, 0x19190000)
  eden space 279616K,  13% used [0x03c40000, 0x0623adb8, 0x14d50000)
  from space 34944K,   0% used [0x14d50000, 0x14d50000, 0x16f70000)
  to   space 34944K,   0% used [0x16f70000, 0x16f70000, 0x19190000)
 tenured generation   total 699072K, used 699072K [0x19190000, 0x43c40000, 0x43c40000)
   the space 699072K, 100% used [0x19190000, 0x43c40000, 0x43c40000, 0x43c40000)
 compacting perm gen  total 12288K, used 5281K [0x43c40000, 0x44840000, 0x47c40000)
   the space 12288K,  42% used [0x43c40000, 0x44168620, 0x44168800, 0x44840000)
No shared spaces configured.
}
Event: 46.028 GC heap before
{Heap before GC invocations=69 (full 10):
 def new generation   total 314560K, used 314559K [0x03c40000, 0x19190000, 0x19190000)
  eden space 279616K, 100% used [0x03c40000, 0x14d50000, 0x14d50000)
  from space 34944K,  99% used [0x14d50000, 0x16f6fff8, 0x16f70000)
  to   space 34944K,   0% used [0x16f70000, 0x16f70000, 0x19190000)
 tenured generation   total 699072K, used 699072K [0x19190000, 0x43c40000, 0x43c40000)
   the space 699072K, 100% used [0x19190000, 0x43c40000, 0x43c40000, 0x43c40000)
 compacting perm gen  total 12288K, used 5281K [0x43c40000, 0x44840000, 0x47c40000)
   the space 12288K,  42% used [0x43c40000, 0x44168620, 0x44168800, 0x44840000)
No shared spaces configured.
Event: 48.206 GC heap after
Heap after GC invocations=70 (full 11):
 def new generation   total 314560K, used 62386K [0x03c40000, 0x19190000, 0x19190000)
  eden space 279616K,  22% used [0x03c40000, 0x0792c850, 0x14d50000)
  from space 34944K,   0% used [0x14d50000, 0x14d50000, 0x16f70000)
  to   space 34944K,   0% used [0x16f70000, 0x16f70000, 0x19190000)
 tenured generation   total 699072K, used 699072K [0x19190000, 0x43c40000, 0x43c40000)
   the space 699072K, 100% used [0x19190000, 0x43c40000, 0x43c40000, 0x43c40000)
 compacting perm gen  total 12288K, used 5281K [0x43c40000, 0x44840000, 0x47c40000)
   the space 12288K,  42% used [0x43c40000, 0x44168620, 0x44168800, 0x44840000)
No shared spaces configured.
}
Event: 48.957 GC heap before
{Heap before GC invocations=70 (full 11):
 def new generation   total 314560K, used 314559K [0x03c40000, 0x19190000, 0x19190000)
  eden space 279616K, 100% used [0x03c40000, 0x14d50000, 0x14d50000)
  from space 34944K,  99% used [0x14d50000, 0x16f6fff8, 0x16f70000)
  to   space 34944K,   0% used [0x16f70000, 0x16f70000, 0x19190000)
 tenured generation   total 699072K, used 699072K [0x19190000, 0x43c40000, 0x43c40000)
   the space 699072K, 100% used [0x19190000, 0x43c40000, 0x43c40000, 0x43c40000)
 compacting perm gen  total 12288K, used 5281K [0x43c40000, 0x44840000, 0x47c40000)
   the space 12288K,  42% used [0x43c40000, 0x44168620, 0x44168800, 0x44840000)
No shared spaces configured.
Event: 51.643 GC heap after
Heap after GC invocations=71 (full 12):
 def new generation   total 314560K, used 83760K [0x03c40000, 0x19190000, 0x19190000)
  eden space 279616K,  29% used [0x03c40000, 0x08e0c3d8, 0x14d50000)
  from space 34944K,   0% used [0x14d50000, 0x14d50000, 0x16f70000)
  to   space 34944K,   0% used [0x16f70000, 0x16f70000, 0x19190000)
 tenured generation   total 699072K, used 699071K [0x19190000, 0x43c40000, 0x43c40000)
   the space 699072K,  99% used [0x19190000, 0x43c3fff0, 0x43c40000, 0x43c40000)
 compacting perm gen  total 12288K, used 5281K [0x43c40000, 0x44840000, 0x47c40000)
   the space 12288K,  42% used [0x43c40000, 0x44168510, 0x44168600, 0x44840000)
No shared spaces configured.
}
Event: 52.372 GC heap before
{Heap before GC invocations=71 (full 12):
 def new generation   total 314560K, used 314560K [0x03c40000, 0x19190000, 0x19190000)
  eden space 279616K, 100% used [0x03c40000, 0x14d50000, 0x14d50000)
  from space 34944K, 100% used [0x14d50000, 0x16f70000, 0x16f70000)
  to   space 34944K,   0% used [0x16f70000, 0x16f70000, 0x19190000)
 tenured generation   total 699072K, used 699071K [0x19190000, 0x43c40000, 0x43c40000)
   the space 699072K,  99% used [0x19190000, 0x43c3fff0, 0x43c40000, 0x43c40000)
 compacting perm gen  total 12288K, used 5281K [0x43c40000, 0x44840000, 0x47c40000)
   the space 12288K,  42% used [0x43c40000, 0x44168510, 0x44168600, 0x44840000)
No shared spaces configured.

