# JRE version: 7.0_25-b17
# Java VM: Java HotSpot(TM) Client VM (23.25-b01 mixed mode windows-x86 )
Heap
 def new generation   total 314560K, used 314560K [0x03d60000, 0x192b0000, 0x192b0000)
  eden space 279616K, 100% used [0x03d60000, 0x14e70000, 0x14e70000)
  from space 34944K, 100% used [0x14e70000, 0x17090000, 0x17090000)
  to   space 34944K,   0% used [0x17090000, 0x17090000, 0x192b0000)
 tenured generation   total 699072K, used 699072K [0x192b0000, 0x43d60000, 0x43d60000)
   the space 699072K, 100% used [0x192b0000, 0x43d60000, 0x43d60000, 0x43d60000)
 compacting perm gen  total 12288K, used 6651K [0x43d60000, 0x44960000, 0x47d60000)
   the space 12288K,  54% used [0x43d60000, 0x443decc8, 0x443dee00, 0x44960000)
GC Heap History (10 events):
Event: 787.534 GC heap after
Heap after GC invocations=214 (full 153):
 def new generation   total 314560K, used 305559K [0x03d60000, 0x192b0000, 0x192b0000)
  eden space 279616K, 100% used [0x03d60000, 0x14e70000, 0x14e70000)
  from space 34944K,  74% used [0x14e70000, 0x167c5fb8, 0x17090000)
  to   space 34944K,   0% used [0x17090000, 0x17090000, 0x192b0000)
 tenured generation   total 699072K, used 699071K [0x192b0000, 0x43d60000, 0x43d60000)
   the space 699072K,  99% used [0x192b0000, 0x43d5fff0, 0x43d60000, 0x43d60000)
 compacting perm gen  total 12288K, used 6651K [0x43d60000, 0x44960000, 0x47d60000)
   the space 12288K,  54% used [0x43d60000, 0x443decc8, 0x443dee00, 0x44960000)
No shared spaces configured.
}
Event: 787.742 GC heap before
{Heap before GC invocations=214 (full 153):
 def new generation   total 314560K, used 314559K [0x03d60000, 0x192b0000, 0x192b0000)
  eden space 279616K, 100% used [0x03d60000, 0x14e70000, 0x14e70000)
  from space 34944K,  99% used [0x14e70000, 0x1708fff0, 0x17090000)
  to   space 34944K,   0% used [0x17090000, 0x17090000, 0x192b0000)
 tenured generation   total 699072K, used 699071K [0x192b0000, 0x43d60000, 0x43d60000)
   the space 699072K,  99% used [0x192b0000, 0x43d5fff0, 0x43d60000, 0x43d60000)
 compacting perm gen  total 12288K, used 6651K [0x43d60000, 0x44960000, 0x47d60000)
   the space 12288K,  54% used [0x43d60000, 0x443decc8, 0x443dee00, 0x44960000)
No shared spaces configured.
Event: 790.454 GC heap after
Heap after GC invocations=215 (full 154):
 def new generation   total 314560K, used 305836K [0x03d60000, 0x192b0000, 0x192b0000)
  eden space 279616K, 100% used [0x03d60000, 0x14e70000, 0x14e70000)
  from space 34944K,  75% used [0x14e70000, 0x1680b258, 0x17090000)
  to   space 34944K,   0% used [0x17090000, 0x17090000, 0x192b0000)
 tenured generation   total 699072K, used 699071K [0x192b0000, 0x43d60000, 0x43d60000)
   the space 699072K,  99% used [0x192b0000, 0x43d5fff0, 0x43d60000, 0x43d60000)
 compacting perm gen  total 12288K, used 6651K [0x43d60000, 0x44960000, 0x47d60000)
   the space 12288K,  54% used [0x43d60000, 0x443decc8, 0x443dee00, 0x44960000)
No shared spaces configured.
}
Event: 790.658 GC heap before
{Heap before GC invocations=215 (full 154):
 def new generation   total 314560K, used 314560K [0x03d60000, 0x192b0000, 0x192b0000)
  eden space 279616K, 100% used [0x03d60000, 0x14e70000, 0x14e70000)
  from space 34944K, 100% used [0x14e70000, 0x17090000, 0x17090000)
  to   space 34944K,   0% used [0x17090000, 0x17090000, 0x192b0000)
 tenured generation   total 699072K, used 699071K [0x192b0000, 0x43d60000, 0x43d60000)
   the space 699072K,  99% used [0x192b0000, 0x43d5fff0, 0x43d60000, 0x43d60000)
 compacting perm gen  total 12288K, used 6651K [0x43d60000, 0x44960000, 0x47d60000)
   the space 12288K,  54% used [0x43d60000, 0x443decc8, 0x443dee00, 0x44960000)
No shared spaces configured.
Event: 793.367 GC heap after
Heap after GC invocations=216 (full 155):
 def new generation   total 314560K, used 306105K [0x03d60000, 0x192b0000, 0x192b0000)
  eden space 279616K, 100% used [0x03d60000, 0x14e70000, 0x14e70000)
  from space 34944K,  75% used [0x14e70000, 0x1684e478, 0x17090000)
  to   space 34944K,   0% used [0x17090000, 0x17090000, 0x192b0000)
 tenured generation   total 699072K, used 699071K [0x192b0000, 0x43d60000, 0x43d60000)
   the space 699072K,  99% used [0x192b0000, 0x43d5fff0, 0x43d60000, 0x43d60000)
 compacting perm gen  total 12288K, used 6651K [0x43d60000, 0x44960000, 0x47d60000)
   the space 12288K,  54% used [0x43d60000, 0x443decc8, 0x443dee00, 0x44960000)
No shared spaces configured.
}
Event: 794.829 GC heap before
{Heap before GC invocations=216 (full 155):
 def new generation   total 314560K, used 314419K [0x03d60000, 0x192b0000, 0x192b0000)
  eden space 279616K, 100% used [0x03d60000, 0x14e70000, 0x14e70000)
  from space 34944K,  99% used [0x14e70000, 0x1706ced8, 0x17090000)
  to   space 34944K,   0% used [0x17090000, 0x17090000, 0x192b0000)
 tenured generation   total 699072K, used 699071K [0x192b0000, 0x43d60000, 0x43d60000)
   the space 699072K,  99% used [0x192b0000, 0x43d5fff0, 0x43d60000, 0x43d60000)
 compacting perm gen  total 12288K, used 6651K [0x43d60000, 0x44960000, 0x47d60000)
   the space 12288K,  54% used [0x43d60000, 0x443decc8, 0x443dee00, 0x44960000)
No shared spaces configured.
Event: 798.256 GC heap after
Heap after GC invocations=217 (full 156):
 def new generation   total 314560K, used 302161K [0x03d60000, 0x192b0000, 0x192b0000)
  eden space 279616K,  99% used [0x03d60000, 0x14e6fff0, 0x14e70000)
  from space 34944K,  64% used [0x14e70000, 0x16474778, 0x17090000)
  to   space 34944K,   0% used [0x17090000, 0x17090000, 0x192b0000)
 tenured generation   total 699072K, used 699071K [0x192b0000, 0x43d60000, 0x43d60000)
   the space 699072K,  99% used [0x192b0000, 0x43d5fff0, 0x43d60000, 0x43d60000)
 compacting perm gen  total 12288K, used 6651K [0x43d60000, 0x44960000, 0x47d60000)
   the space 12288K,  54% used [0x43d60000, 0x443decc8, 0x443dee00, 0x44960000)
No shared spaces configured.
}
Event: 798.423 GC heap before
{Heap before GC invocations=217 (full 156):
 def new generation   total 314560K, used 314560K [0x03d60000, 0x192b0000, 0x192b0000)
  eden space 279616K, 100% used [0x03d60000, 0x14e70000, 0x14e70000)
  from space 34944K, 100% used [0x14e70000, 0x17090000, 0x17090000)
  to   space 34944K,   0% used [0x17090000, 0x17090000, 0x192b0000)
 tenured generation   total 699072K, used 699071K [0x192b0000, 0x43d60000, 0x43d60000)
   the space 699072K,  99% used [0x192b0000, 0x43d5fff0, 0x43d60000, 0x43d60000)
 compacting perm gen  total 12288K, used 6651K [0x43d60000, 0x44960000, 0x47d60000)
   the space 12288K,  54% used [0x43d60000, 0x443decc8, 0x443dee00, 0x44960000)
No shared spaces configured.
Event: 801.187 GC heap after
Heap after GC invocations=218 (full 157):
 def new generation   total 314560K, used 304778K [0x03d60000, 0x192b0000, 0x192b0000)
  eden space 279616K, 100% used [0x03d60000, 0x14e70000, 0x14e70000)
  from space 34944K,  72% used [0x14e70000, 0x16702888, 0x17090000)
  to   space 34944K,   0% used [0x17090000, 0x17090000, 0x192b0000)
 tenured generation   total 699072K, used 699071K [0x192b0000, 0x43d60000, 0x43d60000)
   the space 699072K,  99% used [0x192b0000, 0x43d5fff0, 0x43d60000, 0x43d60000)
 compacting perm gen  total 12288K, used 6651K [0x43d60000, 0x44960000, 0x47d60000)
   the space 12288K,  54% used [0x43d60000, 0x443decc8, 0x443dee00, 0x44960000)
No shared spaces configured.
}
Event: 801.313 GC heap before
{Heap before GC invocations=218 (full 157):
 def new generation   total 314560K, used 314560K [0x03d60000, 0x192b0000, 0x192b0000)
  eden space 279616K, 100% used [0x03d60000, 0x14e70000, 0x14e70000)
  from space 34944K, 100% used [0x14e70000, 0x17090000, 0x17090000)
  to   space 34944K,   0% used [0x17090000, 0x17090000, 0x192b0000)
 tenured generation   total 699072K, used 699072K [0x192b0000, 0x43d60000, 0x43d60000)
   the space 699072K, 100% used [0x192b0000, 0x43d60000, 0x43d60000, 0x43d60000)
 compacting perm gen  total 12288K, used 6651K [0x43d60000, 0x44960000, 0x47d60000)
   the space 12288K,  54% used [0x43d60000, 0x443decc8, 0x443dee00, 0x44960000)
No shared spaces configured.

